------------|----------|----------|----------|----------|----------------|
File        |  % Stmts | % Branch |  % Funcs |  % Lines |Uncovered Lines |
------------|----------|----------|----------|----------|----------------|
 [92mangularjs/[0m |[92m      100[0m |[92m      100[0m |[92m      100[0m |[92m      100[0m |[91m               [0m |
  [92mapp.js   [0m |[92m      100[0m |[92m      100[0m |[92m      100[0m |[92m      100[0m |[91m               [0m |
------------|----------|----------|----------|----------|----------------|
[92mAll files  [0m |[92m      100[0m |[92m      100[0m |[92m      100[0m |[92m      100[0m |[91m               [0m |
------------|----------|----------|----------|----------|----------------|
