------------|----------|----------|----------|----------|----------------|
File        |  % Stmts | % Branch |  % Funcs |  % Lines |Uncovered Lines |
------------|----------|----------|----------|----------|----------------|
 [91mangularjs/[0m |[91m    11.11[0m |[92m      100[0m |[91m        0[0m |[91m    11.11[0m |[91m               [0m |
  [91mapp.js   [0m |[91m    11.11[0m |[92m      100[0m |[91m        0[0m |[91m    11.11[0m |[91m... 43,44,45,54[0m |
------------|----------|----------|----------|----------|----------------|
[91mAll files  [0m |[91m    11.11[0m |[92m      100[0m |[91m        0[0m |[91m    11.11[0m |[91m               [0m |
------------|----------|----------|----------|----------|----------------|
